#
# A fatal error has been detected by the Java Runtime Environment:
#
#  Internal Error (javaClasses.cpp:127), pid=2792, tid=6004
#  fatal error: Invalid layout of preloaded class
#
# JRE version:  (8.0_40-b26) (build )
# Java VM: Java HotSpot(TM) 64-Bit Server VM (25.40-b25 mixed mode windows-amd64 compressed oops)
# Failed to write core dump. Minidumps are not enabled by default on client versions of Windows
#
# If you would like to submit a bug report, please visit:
#   http://bugreport.java.com/bugreport/crash.jsp
#

---------------  T H R E A D  ---------------

Current thread (0x000000000289e000):  JavaThread "Unknown thread" [_thread_in_vm, id=6004, stack(0x0000000002730000,0x0000000002830000)]

Stack: [0x0000000002730000,0x0000000002830000]
Native frames: (J=compiled Java code, j=interpreted, Vv=VM code, C=native code)
V  [jvm.dll+0x32b47a]
V  [jvm.dll+0x2797f3]
V  [jvm.dll+0x27a489]
V  [jvm.dll+0x271726]
V  [jvm.dll+0x67fd3]
V  [jvm.dll+0x680c3]
V  [jvm.dll+0x7d63a]
V  [jvm.dll+0x7d9a6]
V  [jvm.dll+0xf2077]
V  [jvm.dll+0xf2406]
V  [jvm.dll+0x20f107]
V  [jvm.dll+0x240d9a]
V  [jvm.dll+0x15b941]
C  [javaw.exe+0x217e]
C  [javaw.exe+0xcd17]
C  [javaw.exe+0xcdab]
C  [KERNEL32.DLL+0x13d2]
C  [ntdll.dll+0x6e954]


---------------  P R O C E S S  ---------------

Java Threads: ( => current thread )

Other Threads:

=>0x000000000289e000 (exited) JavaThread "Unknown thread" [_thread_in_vm, id=6004, stack(0x0000000002730000,0x0000000002830000)]

VM state:not at safepoint (not fully initialized)

VM Mutex/Monitor currently owned by a thread: None

GC Heap History (0 events):
No events

Deoptimization events (0 events):
No events

Internal exceptions (0 events):
No events

Events (10 events):
Event: 0.039 loading class java/lang/CharSequence done
Event: 0.040 loading class java/lang/String done
Event: 0.040 loading class java/lang/Class
Event: 0.040 loading class java/lang/reflect/AnnotatedElement
Event: 0.040 loading class java/lang/reflect/AnnotatedElement done
Event: 0.040 loading class java/lang/reflect/GenericDeclaration
Event: 0.040 loading class java/lang/reflect/GenericDeclaration done
Event: 0.040 loading class java/lang/reflect/Type
Event: 0.040 loading class java/lang/reflect/Type done
Event: 0.040 loading class java/lang/Class done


Dynamic libraries:
0x00007ff77be80000 - 0x00007ff77beb7000 	C:\Program Files\Java\jre1.8.0_40\bin\javaw.exe
0x00007ffc9b1f0000 - 0x00007ffc9b39c000 	C:\WINDOWS\SYSTEM32\ntdll.dll
0x00007ffc9a0b0000 - 0x00007ffc9a1ee000 	C:\WINDOWS\system32\KERNEL32.DLL
0x00007ffc97420000 - 0x00007ffc97535000 	C:\WINDOWS\system32\KERNELBASE.dll
0x00007ffc959b0000 - 0x00007ffc95a3e000 	C:\WINDOWS\system32\apphelp.dll
0x00007ffc889b0000 - 0x00007ffc88a03000 	C:\WINDOWS\AppPatch\AppPatch64\AcGenral.DLL
0x00007ffc99ae0000 - 0x00007ffc99b8a000 	C:\WINDOWS\system32\msvcrt.dll
0x00007ffc97120000 - 0x00007ffc9714e000 	C:\WINDOWS\SYSTEM32\SspiCli.dll
0x00007ffc97e20000 - 0x00007ffc97e74000 	C:\WINDOWS\system32\SHLWAPI.dll
0x00007ffc97880000 - 0x00007ffc979f7000 	C:\WINDOWS\system32\USER32.dll
0x00007ffc99cf0000 - 0x00007ffc99e84000 	C:\WINDOWS\system32\ole32.dll
0x00007ffc98270000 - 0x00007ffc99788000 	C:\WINDOWS\system32\SHELL32.dll
0x00007ffc968b0000 - 0x00007ffc968d1000 	C:\WINDOWS\SYSTEM32\USERENV.dll
0x00007ffc97be0000 - 0x00007ffc97c8a000 	C:\WINDOWS\system32\ADVAPI32.dll
0x00007ffc8ac30000 - 0x00007ffc8ac4e000 	C:\WINDOWS\SYSTEM32\MPR.dll
0x00007ffc98120000 - 0x00007ffc98261000 	C:\WINDOWS\system32\RPCRT4.dll
0x00007ffc9a050000 - 0x00007ffc9a0a9000 	C:\WINDOWS\SYSTEM32\sechost.dll
0x00007ffc99850000 - 0x00007ffc99a61000 	C:\WINDOWS\SYSTEM32\combase.dll
0x00007ffc99ef0000 - 0x00007ffc9a041000 	C:\WINDOWS\system32\GDI32.dll
0x00007ffc97350000 - 0x00007ffc97365000 	C:\WINDOWS\SYSTEM32\profapi.dll
0x00007ffc95240000 - 0x00007ffc952f2000 	C:\WINDOWS\SYSTEM32\SHCORE.dll
0x00007ffc99eb0000 - 0x00007ffc99ee6000 	C:\WINDOWS\system32\IMM32.DLL
0x00007ffc99b90000 - 0x00007ffc99ce1000 	C:\WINDOWS\system32\MSCTF.dll
0x00007ffc94a00000 - 0x00007ffc94c7b000 	C:\WINDOWS\WinSxS\amd64_microsoft.windows.common-controls_6595b64144ccf1df_6.0.9600.17415_none_6240486fecbd8abb\COMCTL32.dll
0x000000005b770000 - 0x000000005b842000 	C:\Program Files\Java\jre1.8.0_40\bin\msvcr100.dll
0x000000005aee0000 - 0x000000005b763000 	C:\Program Files\Java\jre1.8.0_40\bin\server\jvm.dll
0x00007ffc92250000 - 0x00007ffc92259000 	C:\WINDOWS\SYSTEM32\WSOCK32.dll
0x00007ffc923c0000 - 0x00007ffc923e2000 	C:\WINDOWS\SYSTEM32\WINMM.dll
0x00007ffc8f1b0000 - 0x00007ffc8f1ba000 	C:\WINDOWS\SYSTEM32\VERSION.dll
0x00007ffc99ea0000 - 0x00007ffc99ea7000 	C:\WINDOWS\system32\PSAPI.DLL
0x00007ffc97d60000 - 0x00007ffc97dba000 	C:\WINDOWS\system32\WS2_32.dll
0x00007ffc92390000 - 0x00007ffc923ba000 	C:\WINDOWS\SYSTEM32\WINMMBASE.dll
0x00007ffc9a1f0000 - 0x00007ffc9a1f9000 	C:\WINDOWS\system32\NSI.dll
0x00007ffc97830000 - 0x00007ffc9787f000 	C:\WINDOWS\SYSTEM32\cfgmgr32.dll
0x00007ffc96150000 - 0x00007ffc96178000 	C:\WINDOWS\SYSTEM32\DEVOBJ.dll
0x000000005be50000 - 0x000000005be5f000 	C:\Program Files\Java\jre1.8.0_40\bin\verify.dll
0x000000005aeb0000 - 0x000000005aed9000 	C:\Program Files\Java\jre1.8.0_40\bin\java.dll
0x000000005b870000 - 0x000000005b886000 	C:\Program Files\Java\jre1.8.0_40\bin\zip.dll
0x00007ffc7da70000 - 0x00007ffc7dbfa000 	C:\WINDOWS\SYSTEM32\dbghelp.dll

VM Arguments:
jvm_args: -Dfile.encoding=Cp1252 -Xbootclasspath:C:\Users\sara\Documents\adt-bundle-windows-x86_64-20140702\sdk\platforms\android-21\android.jar 
java_command: org.eclipse.jdt.internal.junit.runner.RemoteTestRunner -version 3 -port 60837 -testLoaderClass org.eclipse.jdt.internal.junit4.runner.JUnit4TestLoader -loaderpluginname org.eclipse.jdt.junit4.runtime -classNames com.example.misvacasapp.iterator.IteratorListaUsuarioTest
java_class_path (initial): C:\Users\sara\Documents\GitHub\appRepository\MisVacasApp\libs\gson-1.7.1.jar;C:\Users\sara\Documents\GitHub\appRepository\MisVacasApp\libs\javax.mail-1.5.2.jar;C:\Users\sara\Documents\GitHub\appRepository\appcompat_v7\libs\android-support-v4.jar;C:\Users\sara\Documents\GitHub\appRepository\MisVacasApp\libs\log4j-1.2.17.jar;C:\Users\sara\Documents\GitHub\appRepository\MisVacasApp\libs\ojdbc7.jar;C:\Users\sara\Documents\GitHub\appRepository\MisVacasApp\libs\ksoap2-android-assembly-3.3.0-jar-with-dependencies.jar;C:\Users\sara\Documents\GitHub\appRepository\appcompat_v7\libs\android-support-v7-appcompat.jar;C:\Users\sara\Documents\GitHub\appRepository\appcompat_v7\bin\android-support-v7-appcompat.jar;C:\Users\sara\Documents\adt-bundle-windows-x86_64-20140702\eclipse\plugins\org.junit_4.10.0.v4_10_0_v20120426-0900\junit.jar;C:\Users\sara\Documents\adt-bundle-windows-x86_64-20140702\eclipse\plugins\org.hamcrest.core_1.1.0.v20090501071000.jar;C:\Users\sara\Documents\GitHub\appRepository\MisVacasApp\bin\classes;C:\Users\sara\Desktop\gson-1.7.1.jar;C:\Users\sara\Desktop\ksoap2-android-assembly-3.3.0-jar-with-dependencies.jar;C:\Users\sara\Desktop\ojdbc7.jar;C:\Users\sara\Desktop\log4j-1.2.17.jar;C:\Users\sara\Desktop\javax.mail-1.5.2.jar;/C:/Users/sara/Documents/adt-bundle-windows-x86_64-20140702/eclipse/configuration/org.eclipse.osgi/bundles/647/1/.cp/;/C:/Users/sara/Documents/adt-bundle-windows-x86_64-20140702/eclipse/configuration/org.eclipse.osgi/bundles/186/1/.cp/
Launcher Type: SUN_STANDARD

Environment Variables:
JAVA_HOME=C:\Program Files\Java\jdk1.7.0_40
CLASSPATH=C:\Program Files\Java\jdk1.7.0_40\bin;
PATH=C:\oraclexe\app\oracle\product\11.2.0\server\bin;;C:\ProgramData\Oracle\Java\javapath;C:\Program Files (x86)\iis express\PHP\v5.3;C:\oraclexe\app\oracle\product\11.2.0\server\bin;C:\app\sara\product\12.1.0\dbhome_2\bin;C:\app\sara\product\12.1.0\dbhome_1\bin;C:\app\isoftware\product\12.1.0\dbhome_1\bin;C:\Program Files (x86)\Intel\iCLS Client\;C:\Program Files\Intel\iCLS Client\;C:\WINDOWS\system32;C:\WINDOWS;C:\WINDOWS\System32\Wbem;C:\WINDOWS\System32\WindowsPowerShell\v1.0\;C:\Program Files\Intel\Intel(R) Management Engine Components\DAL;C:\Program Files\Intel\Intel(R) Management Engine Components\IPT;C:\Program Files (x86)\Intel\Intel(R) Management Engine Components\DAL;C:\Program Files (x86)\Intel\Intel(R) Management Engine Components\IPT;C:\Program Files (x86)\Intel\OpenCL SDK\2.0\bin\x86;C:\Program Files (x86)\Intel\OpenCL SDK\2.0\bin\x64;C:\Program Files\Java\jdk1.7.0_40\bin;C:\Program Files\MySQL\MySQL Enterprise Backup 3.9.0\;c:\Program Files (x86)\Microsoft SQL Server\100\Tools\Binn\;c:\Program Files\Microsoft SQL Server\100\Tools\Binn\;c:\Program Files\Microsoft SQL Server\100\DTS;C:\Program Files\Java\jdk1.7.0_40\bin;C:\Program Files\Apache Software Foundation\Apache Tomcat 7.0.41\bin;C:\Users\sara\Documents\adt-bundle-windows-x86_64-20140321\adt-bundle-windows-x86_64-20140321\sdk\tools;C:\Program Files\axis2-1.6.2\bin;C:\Program Files\Microsoft\Web Platform Installer\;C:\Program Files (x86)\Microsoft Visual Studio\Common\Tools\WinNT;C:\Program Files (x86)\Microsoft Visual Studio\Common\MSDev98\Bin;C:\Program Files (x86)\Microsoft Visual Studio\Common\Tools;C:\Program Files (x86)\Microsoft Visual Studio\VC98\bin
USERNAME=sara
OS=Windows_NT
PROCESSOR_IDENTIFIER=Intel64 Family 6 Model 58 Stepping 9, GenuineIntel



---------------  S Y S T E M  ---------------

OS: Windows 8.1 , 64 bit Build 9600 (6.3.9600.17415)

CPU:total 4 (2 cores per cpu, 2 threads per core) family 6 model 58 stepping 9, cmov, cx8, fxsr, mmx, sse, sse2, sse3, ssse3, sse4.1, sse4.2, popcnt, avx, aes, clmul, erms, ht, tsc, tscinvbit, tscinv

Memory: 4k page, physical 6171872k(1680744k free), swap 7482592k(2114424k free)

vm_info: Java HotSpot(TM) 64-Bit Server VM (25.40-b25) for windows-amd64 JRE (1.8.0_40-b26), built on Mar  7 2015 13:51:59 by "java_re" with MS VC++ 10.0 (VS2010)

time: Wed Mar 25 12:10:06 2015
elapsed time: 0 seconds (0d 0h 0m 0s)

